2025-03-28T09:45:17.930+01:00  INFO 9260 --- [SpringApplicationShutdownHook] j.LocalContainerEntityManagerFactoryBean : Closing JPA EntityManagerFactory for persistence unit 'Integration_db'
2025-03-28T09:45:17.944+01:00  INFO 9260 --- [SpringApplicationShutdownHook] com.zaxxer.hikari.HikariDataSource       : HikariPool-2 - Shutdown initiated...
2025-03-28T09:45:17.983+01:00  INFO 9260 --- [SpringApplicationShutdownHook] com.zaxxer.hikari.HikariDataSource       : HikariPool-2 - Shutdown completed.
2025-03-28T09:45:17.985+01:00  INFO 9260 --- [SpringApplicationShutdownHook] j.LocalContainerEntityManagerFactoryBean : Closing JPA EntityManagerFactory for persistence unit 'datasource1'
2025-03-28T09:45:17.986+01:00  INFO 9260 --- [SpringApplicationShutdownHook] com.zaxxer.hikari.HikariDataSource       : HikariPool-1 - Shutdown initiated...
2025-03-28T09:45:18.019+01:00  INFO 9260 --- [SpringApplicationShutdownHook] com.zaxxer.hikari.HikariDataSource       : HikariPool-1 - Shutdown completed.
2025-03-28T09:45:22.280+01:00  INFO 9116 --- [main] com.api.SecurityApplication              : Starting SecurityApplication using Java 22.0.1 with PID 9116 (C:\Users\Administrateur\Desktop\Conseil-Admin\backend\target\classes started by Administrateur in C:\Users\Administrateur\Desktop\Conseil-Admin\backend)
2025-03-28T09:45:22.283+01:00  INFO 9116 --- [main] com.api.SecurityApplication              : No active profile set, falling back to 1 default profile: "default"
2025-03-28T09:45:24.246+01:00  INFO 9116 --- [main] .s.d.r.c.RepositoryConfigurationDelegate : Bootstrapping Spring Data JPA repositories in DEFAULT mode.
2025-03-28T09:45:24.352+01:00  INFO 9116 --- [main] .s.d.r.c.RepositoryConfigurationDelegate : Finished Spring Data repository scanning in 95 ms. Found 10 JPA repository interfaces.
2025-03-28T09:45:24.354+01:00  INFO 9116 --- [main] .s.d.r.c.RepositoryConfigurationDelegate : Bootstrapping Spring Data JPA repositories in DEFAULT mode.
2025-03-28T09:45:24.356+01:00  INFO 9116 --- [main] .s.d.r.c.RepositoryConfigurationDelegate : Finished Spring Data repository scanning in 1 ms. Found 0 JPA repository interfaces.
2025-03-28T09:45:27.198+01:00  INFO 9116 --- [main] o.s.b.w.embedded.tomcat.TomcatWebServer  : Tomcat initialized with port(s): 8081 (http)
2025-03-28T09:45:27.230+01:00  INFO 9116 --- [main] o.apache.catalina.core.StandardService   : Starting service [Tomcat]
2025-03-28T09:45:27.231+01:00  INFO 9116 --- [main] o.apache.catalina.core.StandardEngine    : Starting Servlet engine: [Apache Tomcat/10.1.13]
2025-03-28T09:45:27.600+01:00  INFO 9116 --- [main] o.a.c.c.C.[Tomcat].[localhost].[/]       : Initializing Spring embedded WebApplicationContext
2025-03-28T09:45:27.601+01:00  INFO 9116 --- [main] w.s.c.ServletWebServerApplicationContext : Root WebApplicationContext: initialization completed in 5180 ms
2025-03-28T09:45:28.479+01:00  INFO 9116 --- [main] o.hibernate.jpa.internal.util.LogHelper  : HHH000204: Processing PersistenceUnitInfo [name: datasource1]
2025-03-28T09:45:28.861+01:00  INFO 9116 --- [main] org.hibernate.Version                    : HHH000412: Hibernate ORM core version 6.2.9.Final
2025-03-28T09:45:28.866+01:00  INFO 9116 --- [main] org.hibernate.cfg.Environment            : HHH000406: Using bytecode reflection optimizer
2025-03-28T09:45:29.416+01:00  INFO 9116 --- [main] o.h.b.i.BytecodeProviderInitiator        : HHH000021: Bytecode provider name : bytebuddy
2025-03-28T09:45:29.738+01:00  INFO 9116 --- [main] o.s.o.j.p.SpringPersistenceUnitInfo      : No LoadTimeWeaver setup: ignoring JPA class transformer
2025-03-28T09:45:29.790+01:00  INFO 9116 --- [main] com.zaxxer.hikari.HikariDataSource       : HikariPool-1 - Starting...
2025-03-28T09:45:30.991+01:00  INFO 9116 --- [main] com.zaxxer.hikari.pool.HikariPool        : HikariPool-1 - Added connection oracle.jdbc.driver.T4CConnection@4946485c
2025-03-28T09:45:30.995+01:00  INFO 9116 --- [main] com.zaxxer.hikari.HikariDataSource       : HikariPool-1 - Start completed.
2025-03-28T09:45:32.017+01:00  INFO 9116 --- [main] o.h.b.i.BytecodeProviderInitiator        : HHH000021: Bytecode provider name : bytebuddy
2025-03-28T09:45:33.511+01:00  INFO 9116 --- [main] o.h.e.t.j.p.i.JtaPlatformInitiator       : HHH000490: Using JtaPlatform implementation: [org.hibernate.engine.transaction.jta.platform.internal.NoJtaPlatform]
2025-03-28T09:45:38.430+01:00  INFO 9116 --- [main] j.LocalContainerEntityManagerFactoryBean : Initialized JPA EntityManagerFactory for persistence unit 'datasource1'
2025-03-28T09:45:38.512+01:00  INFO 9116 --- [main] o.hibernate.jpa.internal.util.LogHelper  : HHH000204: Processing PersistenceUnitInfo [name: Integration_db]
2025-03-28T09:45:38.635+01:00  INFO 9116 --- [main] o.h.b.i.BytecodeProviderInitiator        : HHH000021: Bytecode provider name : bytebuddy
2025-03-28T09:45:38.635+01:00  INFO 9116 --- [main] o.s.o.j.p.SpringPersistenceUnitInfo      : No LoadTimeWeaver setup: ignoring JPA class transformer
2025-03-28T09:45:38.636+01:00  INFO 9116 --- [main] com.zaxxer.hikari.HikariDataSource       : HikariPool-2 - Starting...
2025-03-28T09:45:38.675+01:00  INFO 9116 --- [main] com.zaxxer.hikari.pool.HikariPool        : HikariPool-2 - Added connection oracle.jdbc.driver.T4CConnection@50c20b15
2025-03-28T09:45:38.676+01:00  INFO 9116 --- [main] com.zaxxer.hikari.HikariDataSource       : HikariPool-2 - Start completed.
2025-03-28T09:45:38.685+01:00  INFO 9116 --- [main] o.h.b.i.BytecodeProviderInitiator        : HHH000021: Bytecode provider name : bytebuddy
2025-03-28T09:45:38.705+01:00  INFO 9116 --- [main] o.h.e.t.j.p.i.JtaPlatformInitiator       : HHH000490: Using JtaPlatform implementation: [org.hibernate.engine.transaction.jta.platform.internal.NoJtaPlatform]
2025-03-28T09:45:38.706+01:00  INFO 9116 --- [main] j.LocalContainerEntityManagerFactoryBean : Initialized JPA EntityManagerFactory for persistence unit 'Integration_db'
2025-03-28T09:45:39.160+01:00  INFO 9116 --- [main] o.s.d.j.r.query.QueryEnhancerFactory     : Hibernate is in classpath; If applicable, HQL parser will be used.
2025-03-28T09:45:41.089+01:00  WARN 9116 --- [main] JpaBaseConfiguration$JpaWebConfiguration : spring.jpa.open-in-view is enabled by default. Therefore, database queries may be performed during view rendering. Explicitly configure spring.jpa.open-in-view to disable this warning
2025-03-28T09:45:41.246+01:00  INFO 9116 --- [main] o.s.b.a.w.s.WelcomePageHandlerMapping    : Adding welcome page: class path resource [static/index.html]
2025-03-28T09:45:41.573+01:00  INFO 9116 --- [main] o.s.s.web.DefaultSecurityFilterChain     : Will secure any request with [org.springframework.security.web.session.DisableEncodeUrlFilter@79571cc5, org.springframework.security.web.context.request.async.WebAsyncManagerIntegrationFilter@7b83476f, org.springframework.security.web.context.SecurityContextHolderFilter@2d980dc3, org.springframework.security.web.header.HeaderWriterFilter@559c3710, org.springframework.web.filter.CorsFilter@7f1bf2db, org.springframework.security.web.authentication.logout.LogoutFilter@5e4168dd, com.api.config.JwtAuthenticationFilter@6666410a, org.springframework.security.web.savedrequest.RequestCacheAwareFilter@77d50cde, org.springframework.security.web.servletapi.SecurityContextHolderAwareRequestFilter@2eef2fd6, org.springframework.security.web.authentication.AnonymousAuthenticationFilter@4843fc3c, org.springframework.security.web.session.SessionManagementFilter@861bc5f, org.springframework.security.web.access.ExceptionTranslationFilter@6b3eb57, org.springframework.security.web.access.intercept.AuthorizationFilter@180ee8dd]
2025-03-28T09:45:42.693+01:00  INFO 9116 --- [main] o.s.b.w.embedded.tomcat.TomcatWebServer  : Tomcat started on port(s): 8081 (http) with context path ''
2025-03-28T09:45:42.834+01:00  INFO 9116 --- [main] com.api.SecurityApplication              : Started SecurityApplication in 21.828 seconds (process running for 22.815)
2025-03-28T09:46:00.435+01:00  INFO 9116 --- [http-nio-8081-exec-1] o.a.c.c.C.[Tomcat].[localhost].[/]       : Initializing Spring DispatcherServlet 'dispatcherServlet'
2025-03-28T09:46:00.436+01:00  INFO 9116 --- [http-nio-8081-exec-1] o.s.web.servlet.DispatcherServlet        : Initializing Servlet 'dispatcherServlet'
2025-03-28T09:46:00.438+01:00  INFO 9116 --- [http-nio-8081-exec-1] o.s.web.servlet.DispatcherServlet        : Completed initialization in 1 ms
2025-03-28T09:48:45.219+01:00  WARN 9116 --- [http-nio-8081-exec-2] o.s.web.servlet.PageNotFound             : No mapping for GET /api/v1/personnels
2025-03-28T09:48:45.273+01:00  WARN 9116 --- [http-nio-8081-exec-3] o.s.web.servlet.PageNotFound             : No mapping for GET /api/v1/personnels
2025-03-28T09:49:13.365+01:00  WARN 9116 --- [http-nio-8081-exec-10] o.s.web.servlet.PageNotFound             : No mapping for GET /api/v1/
2025-03-28T10:09:15.898+01:00  WARN 9116 --- [http-nio-8081-exec-3] o.s.web.servlet.PageNotFound             : No mapping for DELETE /api/v1/personnels/1001
2025-03-28T10:22:40.238+01:00 ERROR 9116 --- [http-nio-8081-exec-10] o.apache.coyote.http11.Http11Processor   : Error processing request

java.io.UncheckedIOException: Cannot delete C:\Users\Administrateur\AppData\Local\Temp\2\tomcat.8081.17511673264904440599\work\Tomcat\localhost\ROOT\upload_1b2f1f5b_e968_4856_9029_5696b3a0ac41_00000000.tmp
	at org.apache.tomcat.util.http.fileupload.disk.DiskFileItem.delete(DiskFileItem.java:429) ~[tomcat-embed-core-10.1.13.jar:10.1.13]
	at org.apache.catalina.core.ApplicationPart.delete(ApplicationPart.java:53) ~[tomcat-embed-core-10.1.13.jar:10.1.13]
	at org.apache.catalina.connector.Request.recycle(Request.java:446) ~[tomcat-embed-core-10.1.13.jar:10.1.13]
	at org.apache.catalina.connector.CoyoteAdapter.service(CoyoteAdapter.java:419) ~[tomcat-embed-core-10.1.13.jar:10.1.13]
	at org.apache.coyote.http11.Http11Processor.service(Http11Processor.java:391) ~[tomcat-embed-core-10.1.13.jar:10.1.13]
	at org.apache.coyote.AbstractProcessorLight.process(AbstractProcessorLight.java:63) ~[tomcat-embed-core-10.1.13.jar:10.1.13]
	at org.apache.coyote.AbstractProtocol$ConnectionHandler.process(AbstractProtocol.java:894) ~[tomcat-embed-core-10.1.13.jar:10.1.13]
	at org.apache.tomcat.util.net.NioEndpoint$SocketProcessor.doRun(NioEndpoint.java:1740) ~[tomcat-embed-core-10.1.13.jar:10.1.13]
	at org.apache.tomcat.util.net.SocketProcessorBase.run(SocketProcessorBase.java:52) ~[tomcat-embed-core-10.1.13.jar:10.1.13]
	at org.apache.tomcat.util.threads.ThreadPoolExecutor.runWorker(ThreadPoolExecutor.java:1191) ~[tomcat-embed-core-10.1.13.jar:10.1.13]
	at org.apache.tomcat.util.threads.ThreadPoolExecutor$Worker.run(ThreadPoolExecutor.java:659) ~[tomcat-embed-core-10.1.13.jar:10.1.13]
	at org.apache.tomcat.util.threads.TaskThread$WrappingRunnable.run(TaskThread.java:61) ~[tomcat-embed-core-10.1.13.jar:10.1.13]
	at java.base/java.lang.Thread.run(Thread.java:1570) ~[na:na]
Caused by: java.io.IOException: Cannot delete C:\Users\Administrateur\AppData\Local\Temp\2\tomcat.8081.17511673264904440599\work\Tomcat\localhost\ROOT\upload_1b2f1f5b_e968_4856_9029_5696b3a0ac41_00000000.tmp
	... 13 common frames omitted

2025-03-28T10:22:40.248+01:00 ERROR 9116 --- [http-nio-8081-exec-10] o.a.coyote.http11.Http11NioProtocol      : Error reading request, ignored

java.io.UncheckedIOException: Cannot delete C:\Users\Administrateur\AppData\Local\Temp\2\tomcat.8081.17511673264904440599\work\Tomcat\localhost\ROOT\upload_1b2f1f5b_e968_4856_9029_5696b3a0ac41_00000000.tmp
	at org.apache.tomcat.util.http.fileupload.disk.DiskFileItem.delete(DiskFileItem.java:429) ~[tomcat-embed-core-10.1.13.jar:10.1.13]
	at org.apache.catalina.core.ApplicationPart.delete(ApplicationPart.java:53) ~[tomcat-embed-core-10.1.13.jar:10.1.13]
	at org.apache.catalina.connector.Request.recycle(Request.java:446) ~[tomcat-embed-core-10.1.13.jar:10.1.13]
	at org.apache.catalina.connector.CoyoteAdapter.log(CoyoteAdapter.java:492) ~[tomcat-embed-core-10.1.13.jar:10.1.13]
	at org.apache.coyote.http11.Http11Processor.service(Http11Processor.java:421) ~[tomcat-embed-core-10.1.13.jar:10.1.13]
	at org.apache.coyote.AbstractProcessorLight.process(AbstractProcessorLight.java:63) ~[tomcat-embed-core-10.1.13.jar:10.1.13]
	at org.apache.coyote.AbstractProtocol$ConnectionHandler.process(AbstractProtocol.java:894) ~[tomcat-embed-core-10.1.13.jar:10.1.13]
	at org.apache.tomcat.util.net.NioEndpoint$SocketProcessor.doRun(NioEndpoint.java:1740) ~[tomcat-embed-core-10.1.13.jar:10.1.13]
	at org.apache.tomcat.util.net.SocketProcessorBase.run(SocketProcessorBase.java:52) ~[tomcat-embed-core-10.1.13.jar:10.1.13]
	at org.apache.tomcat.util.threads.ThreadPoolExecutor.runWorker(ThreadPoolExecutor.java:1191) ~[tomcat-embed-core-10.1.13.jar:10.1.13]
	at org.apache.tomcat.util.threads.ThreadPoolExecutor$Worker.run(ThreadPoolExecutor.java:659) ~[tomcat-embed-core-10.1.13.jar:10.1.13]
	at org.apache.tomcat.util.threads.TaskThread$WrappingRunnable.run(TaskThread.java:61) ~[tomcat-embed-core-10.1.13.jar:10.1.13]
	at java.base/java.lang.Thread.run(Thread.java:1570) ~[na:na]
Caused by: java.io.IOException: Cannot delete C:\Users\Administrateur\AppData\Local\Temp\2\tomcat.8081.17511673264904440599\work\Tomcat\localhost\ROOT\upload_1b2f1f5b_e968_4856_9029_5696b3a0ac41_00000000.tmp
	... 13 common frames omitted

2025-03-28T10:22:40.252+01:00 ERROR 9116 --- [http-nio-8081-exec-10] org.apache.tomcat.util.net.NioEndpoint   : Error running socket processor

java.io.UncheckedIOException: Cannot delete C:\Users\Administrateur\AppData\Local\Temp\2\tomcat.8081.17511673264904440599\work\Tomcat\localhost\ROOT\upload_1b2f1f5b_e968_4856_9029_5696b3a0ac41_00000000.tmp
	at org.apache.tomcat.util.http.fileupload.disk.DiskFileItem.delete(DiskFileItem.java:429) ~[tomcat-embed-core-10.1.13.jar:10.1.13]
	at org.apache.catalina.core.ApplicationPart.delete(ApplicationPart.java:53) ~[tomcat-embed-core-10.1.13.jar:10.1.13]
	at org.apache.catalina.connector.Request.recycle(Request.java:446) ~[tomcat-embed-core-10.1.13.jar:10.1.13]
	at org.apache.catalina.connector.CoyoteAdapter.log(CoyoteAdapter.java:492) ~[tomcat-embed-core-10.1.13.jar:10.1.13]
	at org.apache.catalina.connector.CoyoteAdapter.checkRecycled(CoyoteAdapter.java:515) ~[tomcat-embed-core-10.1.13.jar:10.1.13]
	at org.apache.coyote.http11.Http11Processor.recycle(Http11Processor.java:1418) ~[tomcat-embed-core-10.1.13.jar:10.1.13]
	at org.apache.coyote.AbstractProtocol$ConnectionHandler.release(AbstractProtocol.java:1083) ~[tomcat-embed-core-10.1.13.jar:10.1.13]
	at org.apache.coyote.AbstractProtocol$ConnectionHandler.process(AbstractProtocol.java:1058) ~[tomcat-embed-core-10.1.13.jar:10.1.13]
	at org.apache.tomcat.util.net.NioEndpoint$SocketProcessor.doRun(NioEndpoint.java:1740) ~[tomcat-embed-core-10.1.13.jar:10.1.13]
	at org.apache.tomcat.util.net.SocketProcessorBase.run(SocketProcessorBase.java:52) ~[tomcat-embed-core-10.1.13.jar:10.1.13]
	at org.apache.tomcat.util.threads.ThreadPoolExecutor.runWorker(ThreadPoolExecutor.java:1191) ~[tomcat-embed-core-10.1.13.jar:10.1.13]
	at org.apache.tomcat.util.threads.ThreadPoolExecutor$Worker.run(ThreadPoolExecutor.java:659) ~[tomcat-embed-core-10.1.13.jar:10.1.13]
	at org.apache.tomcat.util.threads.TaskThread$WrappingRunnable.run(TaskThread.java:61) ~[tomcat-embed-core-10.1.13.jar:10.1.13]
	at java.base/java.lang.Thread.run(Thread.java:1570) ~[na:na]
Caused by: java.io.IOException: Cannot delete C:\Users\Administrateur\AppData\Local\Temp\2\tomcat.8081.17511673264904440599\work\Tomcat\localhost\ROOT\upload_1b2f1f5b_e968_4856_9029_5696b3a0ac41_00000000.tmp
	... 14 common frames omitted

2025-03-28T10:22:40.488+01:00 ERROR 9116 --- [http-nio-8081-exec-1] o.apache.coyote.http11.Http11Processor   : Error processing request

java.io.UncheckedIOException: Cannot delete C:\Users\Administrateur\AppData\Local\Temp\2\tomcat.8081.17511673264904440599\work\Tomcat\localhost\ROOT\upload_1b2f1f5b_e968_4856_9029_5696b3a0ac41_00000001.tmp
	at org.apache.tomcat.util.http.fileupload.disk.DiskFileItem.delete(DiskFileItem.java:429) ~[tomcat-embed-core-10.1.13.jar:10.1.13]
	at org.apache.catalina.core.ApplicationPart.delete(ApplicationPart.java:53) ~[tomcat-embed-core-10.1.13.jar:10.1.13]
	at org.apache.catalina.connector.Request.recycle(Request.java:446) ~[tomcat-embed-core-10.1.13.jar:10.1.13]
	at org.apache.catalina.connector.CoyoteAdapter.service(CoyoteAdapter.java:419) ~[tomcat-embed-core-10.1.13.jar:10.1.13]
	at org.apache.coyote.http11.Http11Processor.service(Http11Processor.java:391) ~[tomcat-embed-core-10.1.13.jar:10.1.13]
	at org.apache.coyote.AbstractProcessorLight.process(AbstractProcessorLight.java:63) ~[tomcat-embed-core-10.1.13.jar:10.1.13]
	at org.apache.coyote.AbstractProtocol$ConnectionHandler.process(AbstractProtocol.java:894) ~[tomcat-embed-core-10.1.13.jar:10.1.13]
	at org.apache.tomcat.util.net.NioEndpoint$SocketProcessor.doRun(NioEndpoint.java:1740) ~[tomcat-embed-core-10.1.13.jar:10.1.13]
	at org.apache.tomcat.util.net.SocketProcessorBase.run(SocketProcessorBase.java:52) ~[tomcat-embed-core-10.1.13.jar:10.1.13]
	at org.apache.tomcat.util.threads.ThreadPoolExecutor.runWorker(ThreadPoolExecutor.java:1191) ~[tomcat-embed-core-10.1.13.jar:10.1.13]
	at org.apache.tomcat.util.threads.ThreadPoolExecutor$Worker.run(ThreadPoolExecutor.java:659) ~[tomcat-embed-core-10.1.13.jar:10.1.13]
	at org.apache.tomcat.util.threads.TaskThread$WrappingRunnable.run(TaskThread.java:61) ~[tomcat-embed-core-10.1.13.jar:10.1.13]
	at java.base/java.lang.Thread.run(Thread.java:1570) ~[na:na]
Caused by: java.io.IOException: Cannot delete C:\Users\Administrateur\AppData\Local\Temp\2\tomcat.8081.17511673264904440599\work\Tomcat\localhost\ROOT\upload_1b2f1f5b_e968_4856_9029_5696b3a0ac41_00000001.tmp
	... 13 common frames omitted

2025-03-28T10:22:40.495+01:00 ERROR 9116 --- [http-nio-8081-exec-1] o.a.coyote.http11.Http11NioProtocol      : Error reading request, ignored

java.io.UncheckedIOException: Cannot delete C:\Users\Administrateur\AppData\Local\Temp\2\tomcat.8081.17511673264904440599\work\Tomcat\localhost\ROOT\upload_1b2f1f5b_e968_4856_9029_5696b3a0ac41_00000001.tmp
	at org.apache.tomcat.util.http.fileupload.disk.DiskFileItem.delete(DiskFileItem.java:429) ~[tomcat-embed-core-10.1.13.jar:10.1.13]
	at org.apache.catalina.core.ApplicationPart.delete(ApplicationPart.java:53) ~[tomcat-embed-core-10.1.13.jar:10.1.13]
	at org.apache.catalina.connector.Request.recycle(Request.java:446) ~[tomcat-embed-core-10.1.13.jar:10.1.13]
	at org.apache.catalina.connector.CoyoteAdapter.log(CoyoteAdapter.java:492) ~[tomcat-embed-core-10.1.13.jar:10.1.13]
	at org.apache.coyote.http11.Http11Processor.service(Http11Processor.java:421) ~[tomcat-embed-core-10.1.13.jar:10.1.13]
	at org.apache.coyote.AbstractProcessorLight.process(AbstractProcessorLight.java:63) ~[tomcat-embed-core-10.1.13.jar:10.1.13]
	at org.apache.coyote.AbstractProtocol$ConnectionHandler.process(AbstractProtocol.java:894) ~[tomcat-embed-core-10.1.13.jar:10.1.13]
	at org.apache.tomcat.util.net.NioEndpoint$SocketProcessor.doRun(NioEndpoint.java:1740) ~[tomcat-embed-core-10.1.13.jar:10.1.13]
	at org.apache.tomcat.util.net.SocketProcessorBase.run(SocketProcessorBase.java:52) ~[tomcat-embed-core-10.1.13.jar:10.1.13]
	at org.apache.tomcat.util.threads.ThreadPoolExecutor.runWorker(ThreadPoolExecutor.java:1191) ~[tomcat-embed-core-10.1.13.jar:10.1.13]
	at org.apache.tomcat.util.threads.ThreadPoolExecutor$Worker.run(ThreadPoolExecutor.java:659) ~[tomcat-embed-core-10.1.13.jar:10.1.13]
	at org.apache.tomcat.util.threads.TaskThread$WrappingRunnable.run(TaskThread.java:61) ~[tomcat-embed-core-10.1.13.jar:10.1.13]
	at java.base/java.lang.Thread.run(Thread.java:1570) ~[na:na]
Caused by: java.io.IOException: Cannot delete C:\Users\Administrateur\AppData\Local\Temp\2\tomcat.8081.17511673264904440599\work\Tomcat\localhost\ROOT\upload_1b2f1f5b_e968_4856_9029_5696b3a0ac41_00000001.tmp
	... 13 common frames omitted

2025-03-28T10:22:40.497+01:00 ERROR 9116 --- [http-nio-8081-exec-1] org.apache.tomcat.util.net.NioEndpoint   : Error running socket processor

java.io.UncheckedIOException: Cannot delete C:\Users\Administrateur\AppData\Local\Temp\2\tomcat.8081.17511673264904440599\work\Tomcat\localhost\ROOT\upload_1b2f1f5b_e968_4856_9029_5696b3a0ac41_00000001.tmp
	at org.apache.tomcat.util.http.fileupload.disk.DiskFileItem.delete(DiskFileItem.java:429) ~[tomcat-embed-core-10.1.13.jar:10.1.13]
	at org.apache.catalina.core.ApplicationPart.delete(ApplicationPart.java:53) ~[tomcat-embed-core-10.1.13.jar:10.1.13]
	at org.apache.catalina.connector.Request.recycle(Request.java:446) ~[tomcat-embed-core-10.1.13.jar:10.1.13]
	at org.apache.catalina.connector.CoyoteAdapter.log(CoyoteAdapter.java:492) ~[tomcat-embed-core-10.1.13.jar:10.1.13]
	at org.apache.catalina.connector.CoyoteAdapter.checkRecycled(CoyoteAdapter.java:515) ~[tomcat-embed-core-10.1.13.jar:10.1.13]
	at org.apache.coyote.http11.Http11Processor.recycle(Http11Processor.java:1418) ~[tomcat-embed-core-10.1.13.jar:10.1.13]
	at org.apache.coyote.AbstractProtocol$ConnectionHandler.release(AbstractProtocol.java:1083) ~[tomcat-embed-core-10.1.13.jar:10.1.13]
	at org.apache.coyote.AbstractProtocol$ConnectionHandler.process(AbstractProtocol.java:1058) ~[tomcat-embed-core-10.1.13.jar:10.1.13]
	at org.apache.tomcat.util.net.NioEndpoint$SocketProcessor.doRun(NioEndpoint.java:1740) ~[tomcat-embed-core-10.1.13.jar:10.1.13]
	at org.apache.tomcat.util.net.SocketProcessorBase.run(SocketProcessorBase.java:52) ~[tomcat-embed-core-10.1.13.jar:10.1.13]
	at org.apache.tomcat.util.threads.ThreadPoolExecutor.runWorker(ThreadPoolExecutor.java:1191) ~[tomcat-embed-core-10.1.13.jar:10.1.13]
	at org.apache.tomcat.util.threads.ThreadPoolExecutor$Worker.run(ThreadPoolExecutor.java:659) ~[tomcat-embed-core-10.1.13.jar:10.1.13]
	at org.apache.tomcat.util.threads.TaskThread$WrappingRunnable.run(TaskThread.java:61) ~[tomcat-embed-core-10.1.13.jar:10.1.13]
	at java.base/java.lang.Thread.run(Thread.java:1570) ~[na:na]
Caused by: java.io.IOException: Cannot delete C:\Users\Administrateur\AppData\Local\Temp\2\tomcat.8081.17511673264904440599\work\Tomcat\localhost\ROOT\upload_1b2f1f5b_e968_4856_9029_5696b3a0ac41_00000001.tmp
	... 14 common frames omitted

2025-03-28T10:22:42.912+01:00 ERROR 9116 --- [http-nio-8081-exec-7] o.apache.coyote.http11.Http11Processor   : Error processing request

java.io.UncheckedIOException: Cannot delete C:\Users\Administrateur\AppData\Local\Temp\2\tomcat.8081.17511673264904440599\work\Tomcat\localhost\ROOT\upload_1b2f1f5b_e968_4856_9029_5696b3a0ac41_00000003.tmp
	at org.apache.tomcat.util.http.fileupload.disk.DiskFileItem.delete(DiskFileItem.java:429) ~[tomcat-embed-core-10.1.13.jar:10.1.13]
	at org.apache.catalina.core.ApplicationPart.delete(ApplicationPart.java:53) ~[tomcat-embed-core-10.1.13.jar:10.1.13]
	at org.apache.catalina.connector.Request.recycle(Request.java:446) ~[tomcat-embed-core-10.1.13.jar:10.1.13]
	at org.apache.catalina.connector.CoyoteAdapter.service(CoyoteAdapter.java:419) ~[tomcat-embed-core-10.1.13.jar:10.1.13]
	at org.apache.coyote.http11.Http11Processor.service(Http11Processor.java:391) ~[tomcat-embed-core-10.1.13.jar:10.1.13]
	at org.apache.coyote.AbstractProcessorLight.process(AbstractProcessorLight.java:63) ~[tomcat-embed-core-10.1.13.jar:10.1.13]
	at org.apache.coyote.AbstractProtocol$ConnectionHandler.process(AbstractProtocol.java:894) ~[tomcat-embed-core-10.1.13.jar:10.1.13]
	at org.apache.tomcat.util.net.NioEndpoint$SocketProcessor.doRun(NioEndpoint.java:1740) ~[tomcat-embed-core-10.1.13.jar:10.1.13]
	at org.apache.tomcat.util.net.SocketProcessorBase.run(SocketProcessorBase.java:52) ~[tomcat-embed-core-10.1.13.jar:10.1.13]
	at org.apache.tomcat.util.threads.ThreadPoolExecutor.runWorker(ThreadPoolExecutor.java:1191) ~[tomcat-embed-core-10.1.13.jar:10.1.13]
	at org.apache.tomcat.util.threads.ThreadPoolExecutor$Worker.run(ThreadPoolExecutor.java:659) ~[tomcat-embed-core-10.1.13.jar:10.1.13]
	at org.apache.tomcat.util.threads.TaskThread$WrappingRunnable.run(TaskThread.java:61) ~[tomcat-embed-core-10.1.13.jar:10.1.13]
	at java.base/java.lang.Thread.run(Thread.java:1570) ~[na:na]
Caused by: java.io.IOException: Cannot delete C:\Users\Administrateur\AppData\Local\Temp\2\tomcat.8081.17511673264904440599\work\Tomcat\localhost\ROOT\upload_1b2f1f5b_e968_4856_9029_5696b3a0ac41_00000003.tmp
	... 13 common frames omitted

2025-03-28T10:22:42.922+01:00 ERROR 9116 --- [http-nio-8081-exec-7] o.a.coyote.http11.Http11NioProtocol      : Error reading request, ignored

java.io.UncheckedIOException: Cannot delete C:\Users\Administrateur\AppData\Local\Temp\2\tomcat.8081.17511673264904440599\work\Tomcat\localhost\ROOT\upload_1b2f1f5b_e968_4856_9029_5696b3a0ac41_00000003.tmp
	at org.apache.tomcat.util.http.fileupload.disk.DiskFileItem.delete(DiskFileItem.java:429) ~[tomcat-embed-core-10.1.13.jar:10.1.13]
	at org.apache.catalina.core.ApplicationPart.delete(ApplicationPart.java:53) ~[tomcat-embed-core-10.1.13.jar:10.1.13]
	at org.apache.catalina.connector.Request.recycle(Request.java:446) ~[tomcat-embed-core-10.1.13.jar:10.1.13]
	at org.apache.catalina.connector.CoyoteAdapter.log(CoyoteAdapter.java:492) ~[tomcat-embed-core-10.1.13.jar:10.1.13]
	at org.apache.coyote.http11.Http11Processor.service(Http11Processor.java:421) ~[tomcat-embed-core-10.1.13.jar:10.1.13]
	at org.apache.coyote.AbstractProcessorLight.process(AbstractProcessorLight.java:63) ~[tomcat-embed-core-10.1.13.jar:10.1.13]
	at org.apache.coyote.AbstractProtocol$ConnectionHandler.process(AbstractProtocol.java:894) ~[tomcat-embed-core-10.1.13.jar:10.1.13]
	at org.apache.tomcat.util.net.NioEndpoint$SocketProcessor.doRun(NioEndpoint.java:1740) ~[tomcat-embed-core-10.1.13.jar:10.1.13]
	at org.apache.tomcat.util.net.SocketProcessorBase.run(SocketProcessorBase.java:52) ~[tomcat-embed-core-10.1.13.jar:10.1.13]
	at org.apache.tomcat.util.threads.ThreadPoolExecutor.runWorker(ThreadPoolExecutor.java:1191) ~[tomcat-embed-core-10.1.13.jar:10.1.13]
	at org.apache.tomcat.util.threads.ThreadPoolExecutor$Worker.run(ThreadPoolExecutor.java:659) ~[tomcat-embed-core-10.1.13.jar:10.1.13]
	at org.apache.tomcat.util.threads.TaskThread$WrappingRunnable.run(TaskThread.java:61) ~[tomcat-embed-core-10.1.13.jar:10.1.13]
	at java.base/java.lang.Thread.run(Thread.java:1570) ~[na:na]
Caused by: java.io.IOException: Cannot delete C:\Users\Administrateur\AppData\Local\Temp\2\tomcat.8081.17511673264904440599\work\Tomcat\localhost\ROOT\upload_1b2f1f5b_e968_4856_9029_5696b3a0ac41_00000003.tmp
	... 13 common frames omitted

2025-03-28T10:22:42.923+01:00 ERROR 9116 --- [http-nio-8081-exec-7] org.apache.tomcat.util.net.NioEndpoint   : Error running socket processor

java.io.UncheckedIOException: Cannot delete C:\Users\Administrateur\AppData\Local\Temp\2\tomcat.8081.17511673264904440599\work\Tomcat\localhost\ROOT\upload_1b2f1f5b_e968_4856_9029_5696b3a0ac41_00000003.tmp
	at org.apache.tomcat.util.http.fileupload.disk.DiskFileItem.delete(DiskFileItem.java:429) ~[tomcat-embed-core-10.1.13.jar:10.1.13]
	at org.apache.catalina.core.ApplicationPart.delete(ApplicationPart.java:53) ~[tomcat-embed-core-10.1.13.jar:10.1.13]
	at org.apache.catalina.connector.Request.recycle(Request.java:446) ~[tomcat-embed-core-10.1.13.jar:10.1.13]
	at org.apache.catalina.connector.CoyoteAdapter.log(CoyoteAdapter.java:492) ~[tomcat-embed-core-10.1.13.jar:10.1.13]
	at org.apache.catalina.connector.CoyoteAdapter.checkRecycled(CoyoteAdapter.java:515) ~[tomcat-embed-core-10.1.13.jar:10.1.13]
	at org.apache.coyote.http11.Http11Processor.recycle(Http11Processor.java:1418) ~[tomcat-embed-core-10.1.13.jar:10.1.13]
	at org.apache.coyote.AbstractProtocol$ConnectionHandler.release(AbstractProtocol.java:1083) ~[tomcat-embed-core-10.1.13.jar:10.1.13]
	at org.apache.coyote.AbstractProtocol$ConnectionHandler.process(AbstractProtocol.java:1058) ~[tomcat-embed-core-10.1.13.jar:10.1.13]
	at org.apache.tomcat.util.net.NioEndpoint$SocketProcessor.doRun(NioEndpoint.java:1740) ~[tomcat-embed-core-10.1.13.jar:10.1.13]
	at org.apache.tomcat.util.net.SocketProcessorBase.run(SocketProcessorBase.java:52) ~[tomcat-embed-core-10.1.13.jar:10.1.13]
	at org.apache.tomcat.util.threads.ThreadPoolExecutor.runWorker(ThreadPoolExecutor.java:1191) ~[tomcat-embed-core-10.1.13.jar:10.1.13]
	at org.apache.tomcat.util.threads.ThreadPoolExecutor$Worker.run(ThreadPoolExecutor.java:659) ~[tomcat-embed-core-10.1.13.jar:10.1.13]
	at org.apache.tomcat.util.threads.TaskThread$WrappingRunnable.run(TaskThread.java:61) ~[tomcat-embed-core-10.1.13.jar:10.1.13]
	at java.base/java.lang.Thread.run(Thread.java:1570) ~[na:na]
Caused by: java.io.IOException: Cannot delete C:\Users\Administrateur\AppData\Local\Temp\2\tomcat.8081.17511673264904440599\work\Tomcat\localhost\ROOT\upload_1b2f1f5b_e968_4856_9029_5696b3a0ac41_00000003.tmp
	... 14 common frames omitted

2025-03-28T10:22:43.225+01:00 ERROR 9116 --- [http-nio-8081-exec-2] o.apache.coyote.http11.Http11Processor   : Error processing request

java.io.UncheckedIOException: Cannot delete C:\Users\Administrateur\AppData\Local\Temp\2\tomcat.8081.17511673264904440599\work\Tomcat\localhost\ROOT\upload_1b2f1f5b_e968_4856_9029_5696b3a0ac41_00000005.tmp
	at org.apache.tomcat.util.http.fileupload.disk.DiskFileItem.delete(DiskFileItem.java:429) ~[tomcat-embed-core-10.1.13.jar:10.1.13]
	at org.apache.catalina.core.ApplicationPart.delete(ApplicationPart.java:53) ~[tomcat-embed-core-10.1.13.jar:10.1.13]
	at org.apache.catalina.connector.Request.recycle(Request.java:446) ~[tomcat-embed-core-10.1.13.jar:10.1.13]
	at org.apache.catalina.connector.CoyoteAdapter.service(CoyoteAdapter.java:419) ~[tomcat-embed-core-10.1.13.jar:10.1.13]
	at org.apache.coyote.http11.Http11Processor.service(Http11Processor.java:391) ~[tomcat-embed-core-10.1.13.jar:10.1.13]
	at org.apache.coyote.AbstractProcessorLight.process(AbstractProcessorLight.java:63) ~[tomcat-embed-core-10.1.13.jar:10.1.13]
	at org.apache.coyote.AbstractProtocol$ConnectionHandler.process(AbstractProtocol.java:894) ~[tomcat-embed-core-10.1.13.jar:10.1.13]
	at org.apache.tomcat.util.net.NioEndpoint$SocketProcessor.doRun(NioEndpoint.java:1740) ~[tomcat-embed-core-10.1.13.jar:10.1.13]
	at org.apache.tomcat.util.net.SocketProcessorBase.run(SocketProcessorBase.java:52) ~[tomcat-embed-core-10.1.13.jar:10.1.13]
	at org.apache.tomcat.util.threads.ThreadPoolExecutor.runWorker(ThreadPoolExecutor.java:1191) ~[tomcat-embed-core-10.1.13.jar:10.1.13]
	at org.apache.tomcat.util.threads.ThreadPoolExecutor$Worker.run(ThreadPoolExecutor.java:659) ~[tomcat-embed-core-10.1.13.jar:10.1.13]
	at org.apache.tomcat.util.threads.TaskThread$WrappingRunnable.run(TaskThread.java:61) ~[tomcat-embed-core-10.1.13.jar:10.1.13]
	at java.base/java.lang.Thread.run(Thread.java:1570) ~[na:na]
Caused by: java.io.IOException: Cannot delete C:\Users\Administrateur\AppData\Local\Temp\2\tomcat.8081.17511673264904440599\work\Tomcat\localhost\ROOT\upload_1b2f1f5b_e968_4856_9029_5696b3a0ac41_00000005.tmp
	... 13 common frames omitted

2025-03-28T10:22:43.227+01:00 ERROR 9116 --- [http-nio-8081-exec-2] o.a.coyote.http11.Http11NioProtocol      : Error reading request, ignored

java.io.UncheckedIOException: Cannot delete C:\Users\Administrateur\AppData\Local\Temp\2\tomcat.8081.17511673264904440599\work\Tomcat\localhost\ROOT\upload_1b2f1f5b_e968_4856_9029_5696b3a0ac41_00000005.tmp
	at org.apache.tomcat.util.http.fileupload.disk.DiskFileItem.delete(DiskFileItem.java:429) ~[tomcat-embed-core-10.1.13.jar:10.1.13]
	at org.apache.catalina.core.ApplicationPart.delete(ApplicationPart.java:53) ~[tomcat-embed-core-10.1.13.jar:10.1.13]
	at org.apache.catalina.connector.Request.recycle(Request.java:446) ~[tomcat-embed-core-10.1.13.jar:10.1.13]
	at org.apache.catalina.connector.CoyoteAdapter.log(CoyoteAdapter.java:492) ~[tomcat-embed-core-10.1.13.jar:10.1.13]
	at org.apache.coyote.http11.Http11Processor.service(Http11Processor.java:421) ~[tomcat-embed-core-10.1.13.jar:10.1.13]
	at org.apache.coyote.AbstractProcessorLight.process(AbstractProcessorLight.java:63) ~[tomcat-embed-core-10.1.13.jar:10.1.13]
	at org.apache.coyote.AbstractProtocol$ConnectionHandler.process(AbstractProtocol.java:894) ~[tomcat-embed-core-10.1.13.jar:10.1.13]
	at org.apache.tomcat.util.net.NioEndpoint$SocketProcessor.doRun(NioEndpoint.java:1740) ~[tomcat-embed-core-10.1.13.jar:10.1.13]
	at org.apache.tomcat.util.net.SocketProcessorBase.run(SocketProcessorBase.java:52) ~[tomcat-embed-core-10.1.13.jar:10.1.13]
	at org.apache.tomcat.util.threads.ThreadPoolExecutor.runWorker(ThreadPoolExecutor.java:1191) ~[tomcat-embed-core-10.1.13.jar:10.1.13]
	at org.apache.tomcat.util.threads.ThreadPoolExecutor$Worker.run(ThreadPoolExecutor.java:659) ~[tomcat-embed-core-10.1.13.jar:10.1.13]
	at org.apache.tomcat.util.threads.TaskThread$WrappingRunnable.run(TaskThread.java:61) ~[tomcat-embed-core-10.1.13.jar:10.1.13]
	at java.base/java.lang.Thread.run(Thread.java:1570) ~[na:na]
Caused by: java.io.IOException: Cannot delete C:\Users\Administrateur\AppData\Local\Temp\2\tomcat.8081.17511673264904440599\work\Tomcat\localhost\ROOT\upload_1b2f1f5b_e968_4856_9029_5696b3a0ac41_00000005.tmp
	... 13 common frames omitted

2025-03-28T10:22:43.229+01:00 ERROR 9116 --- [http-nio-8081-exec-2] org.apache.tomcat.util.net.NioEndpoint   : Error running socket processor

java.io.UncheckedIOException: Cannot delete C:\Users\Administrateur\AppData\Local\Temp\2\tomcat.8081.17511673264904440599\work\Tomcat\localhost\ROOT\upload_1b2f1f5b_e968_4856_9029_5696b3a0ac41_00000005.tmp
	at org.apache.tomcat.util.http.fileupload.disk.DiskFileItem.delete(DiskFileItem.java:429) ~[tomcat-embed-core-10.1.13.jar:10.1.13]
	at org.apache.catalina.core.ApplicationPart.delete(ApplicationPart.java:53) ~[tomcat-embed-core-10.1.13.jar:10.1.13]
	at org.apache.catalina.connector.Request.recycle(Request.java:446) ~[tomcat-embed-core-10.1.13.jar:10.1.13]
	at org.apache.catalina.connector.CoyoteAdapter.log(CoyoteAdapter.java:492) ~[tomcat-embed-core-10.1.13.jar:10.1.13]
	at org.apache.catalina.connector.CoyoteAdapter.checkRecycled(CoyoteAdapter.java:515) ~[tomcat-embed-core-10.1.13.jar:10.1.13]
	at org.apache.coyote.http11.Http11Processor.recycle(Http11Processor.java:1418) ~[tomcat-embed-core-10.1.13.jar:10.1.13]
	at org.apache.coyote.AbstractProtocol$ConnectionHandler.release(AbstractProtocol.java:1083) ~[tomcat-embed-core-10.1.13.jar:10.1.13]
	at org.apache.coyote.AbstractProtocol$ConnectionHandler.process(AbstractProtocol.java:1058) ~[tomcat-embed-core-10.1.13.jar:10.1.13]
	at org.apache.tomcat.util.net.NioEndpoint$SocketProcessor.doRun(NioEndpoint.java:1740) ~[tomcat-embed-core-10.1.13.jar:10.1.13]
	at org.apache.tomcat.util.net.SocketProcessorBase.run(SocketProcessorBase.java:52) ~[tomcat-embed-core-10.1.13.jar:10.1.13]
	at org.apache.tomcat.util.threads.ThreadPoolExecutor.runWorker(ThreadPoolExecutor.java:1191) ~[tomcat-embed-core-10.1.13.jar:10.1.13]
	at org.apache.tomcat.util.threads.ThreadPoolExecutor$Worker.run(ThreadPoolExecutor.java:659) ~[tomcat-embed-core-10.1.13.jar:10.1.13]
	at org.apache.tomcat.util.threads.TaskThread$WrappingRunnable.run(TaskThread.java:61) ~[tomcat-embed-core-10.1.13.jar:10.1.13]
	at java.base/java.lang.Thread.run(Thread.java:1570) ~[na:na]
Caused by: java.io.IOException: Cannot delete C:\Users\Administrateur\AppData\Local\Temp\2\tomcat.8081.17511673264904440599\work\Tomcat\localhost\ROOT\upload_1b2f1f5b_e968_4856_9029_5696b3a0ac41_00000005.tmp
	... 14 common frames omitted

2025-03-28T10:22:43.397+01:00 ERROR 9116 --- [http-nio-8081-exec-10] o.apache.coyote.http11.Http11Processor   : Error processing request

java.io.UncheckedIOException: Cannot delete C:\Users\Administrateur\AppData\Local\Temp\2\tomcat.8081.17511673264904440599\work\Tomcat\localhost\ROOT\upload_1b2f1f5b_e968_4856_9029_5696b3a0ac41_00000007.tmp
	at org.apache.tomcat.util.http.fileupload.disk.DiskFileItem.delete(DiskFileItem.java:429) ~[tomcat-embed-core-10.1.13.jar:10.1.13]
	at org.apache.catalina.core.ApplicationPart.delete(ApplicationPart.java:53) ~[tomcat-embed-core-10.1.13.jar:10.1.13]
	at org.apache.catalina.connector.Request.recycle(Request.java:446) ~[tomcat-embed-core-10.1.13.jar:10.1.13]
	at org.apache.catalina.connector.CoyoteAdapter.service(CoyoteAdapter.java:419) ~[tomcat-embed-core-10.1.13.jar:10.1.13]
	at org.apache.coyote.http11.Http11Processor.service(Http11Processor.java:391) ~[tomcat-embed-core-10.1.13.jar:10.1.13]
	at org.apache.coyote.AbstractProcessorLight.process(AbstractProcessorLight.java:63) ~[tomcat-embed-core-10.1.13.jar:10.1.13]
	at org.apache.coyote.AbstractProtocol$ConnectionHandler.process(AbstractProtocol.java:894) ~[tomcat-embed-core-10.1.13.jar:10.1.13]
	at org.apache.tomcat.util.net.NioEndpoint$SocketProcessor.doRun(NioEndpoint.java:1740) ~[tomcat-embed-core-10.1.13.jar:10.1.13]
	at org.apache.tomcat.util.net.SocketProcessorBase.run(SocketProcessorBase.java:52) ~[tomcat-embed-core-10.1.13.jar:10.1.13]
	at org.apache.tomcat.util.threads.ThreadPoolExecutor.runWorker(ThreadPoolExecutor.java:1191) ~[tomcat-embed-core-10.1.13.jar:10.1.13]
	at org.apache.tomcat.util.threads.ThreadPoolExecutor$Worker.run(ThreadPoolExecutor.java:659) ~[tomcat-embed-core-10.1.13.jar:10.1.13]
	at org.apache.tomcat.util.threads.TaskThread$WrappingRunnable.run(TaskThread.java:61) ~[tomcat-embed-core-10.1.13.jar:10.1.13]
	at java.base/java.lang.Thread.run(Thread.java:1570) ~[na:na]
Caused by: java.io.IOException: Cannot delete C:\Users\Administrateur\AppData\Local\Temp\2\tomcat.8081.17511673264904440599\work\Tomcat\localhost\ROOT\upload_1b2f1f5b_e968_4856_9029_5696b3a0ac41_00000007.tmp
	... 13 common frames omitted

2025-03-28T10:22:43.399+01:00 ERROR 9116 --- [http-nio-8081-exec-10] o.a.coyote.http11.Http11NioProtocol      : Error reading request, ignored

java.io.UncheckedIOException: Cannot delete C:\Users\Administrateur\AppData\Local\Temp\2\tomcat.8081.17511673264904440599\work\Tomcat\localhost\ROOT\upload_1b2f1f5b_e968_4856_9029_5696b3a0ac41_00000007.tmp
	at org.apache.tomcat.util.http.fileupload.disk.DiskFileItem.delete(DiskFileItem.java:429) ~[tomcat-embed-core-10.1.13.jar:10.1.13]
	at org.apache.catalina.core.ApplicationPart.delete(ApplicationPart.java:53) ~[tomcat-embed-core-10.1.13.jar:10.1.13]
	at org.apache.catalina.connector.Request.recycle(Request.java:446) ~[tomcat-embed-core-10.1.13.jar:10.1.13]
	at org.apache.catalina.connector.CoyoteAdapter.log(CoyoteAdapter.java:492) ~[tomcat-embed-core-10.1.13.jar:10.1.13]
	at org.apache.coyote.http11.Http11Processor.service(Http11Processor.java:421) ~[tomcat-embed-core-10.1.13.jar:10.1.13]
	at org.apache.coyote.AbstractProcessorLight.process(AbstractProcessorLight.java:63) ~[tomcat-embed-core-10.1.13.jar:10.1.13]
	at org.apache.coyote.AbstractProtocol$ConnectionHandler.process(AbstractProtocol.java:894) ~[tomcat-embed-core-10.1.13.jar:10.1.13]
	at org.apache.tomcat.util.net.NioEndpoint$SocketProcessor.doRun(NioEndpoint.java:1740) ~[tomcat-embed-core-10.1.13.jar:10.1.13]
	at org.apache.tomcat.util.net.SocketProcessorBase.run(SocketProcessorBase.java:52) ~[tomcat-embed-core-10.1.13.jar:10.1.13]
	at org.apache.tomcat.util.threads.ThreadPoolExecutor.runWorker(ThreadPoolExecutor.java:1191) ~[tomcat-embed-core-10.1.13.jar:10.1.13]
	at org.apache.tomcat.util.threads.ThreadPoolExecutor$Worker.run(ThreadPoolExecutor.java:659) ~[tomcat-embed-core-10.1.13.jar:10.1.13]
	at org.apache.tomcat.util.threads.TaskThread$WrappingRunnable.run(TaskThread.java:61) ~[tomcat-embed-core-10.1.13.jar:10.1.13]
	at java.base/java.lang.Thread.run(Thread.java:1570) ~[na:na]
Caused by: java.io.IOException: Cannot delete C:\Users\Administrateur\AppData\Local\Temp\2\tomcat.8081.17511673264904440599\work\Tomcat\localhost\ROOT\upload_1b2f1f5b_e968_4856_9029_5696b3a0ac41_00000007.tmp
	... 13 common frames omitted

2025-03-28T10:22:43.400+01:00 ERROR 9116 --- [http-nio-8081-exec-10] org.apache.tomcat.util.net.NioEndpoint   : Error running socket processor

java.io.UncheckedIOException: Cannot delete C:\Users\Administrateur\AppData\Local\Temp\2\tomcat.8081.17511673264904440599\work\Tomcat\localhost\ROOT\upload_1b2f1f5b_e968_4856_9029_5696b3a0ac41_00000007.tmp
	at org.apache.tomcat.util.http.fileupload.disk.DiskFileItem.delete(DiskFileItem.java:429) ~[tomcat-embed-core-10.1.13.jar:10.1.13]
	at org.apache.catalina.core.ApplicationPart.delete(ApplicationPart.java:53) ~[tomcat-embed-core-10.1.13.jar:10.1.13]
	at org.apache.catalina.connector.Request.recycle(Request.java:446) ~[tomcat-embed-core-10.1.13.jar:10.1.13]
	at org.apache.catalina.connector.CoyoteAdapter.log(CoyoteAdapter.java:492) ~[tomcat-embed-core-10.1.13.jar:10.1.13]
	at org.apache.catalina.connector.CoyoteAdapter.checkRecycled(CoyoteAdapter.java:515) ~[tomcat-embed-core-10.1.13.jar:10.1.13]
	at org.apache.coyote.http11.Http11Processor.recycle(Http11Processor.java:1418) ~[tomcat-embed-core-10.1.13.jar:10.1.13]
	at org.apache.coyote.AbstractProtocol$ConnectionHandler.release(AbstractProtocol.java:1083) ~[tomcat-embed-core-10.1.13.jar:10.1.13]
	at org.apache.coyote.AbstractProtocol$ConnectionHandler.process(AbstractProtocol.java:1058) ~[tomcat-embed-core-10.1.13.jar:10.1.13]
	at org.apache.tomcat.util.net.NioEndpoint$SocketProcessor.doRun(NioEndpoint.java:1740) ~[tomcat-embed-core-10.1.13.jar:10.1.13]
	at org.apache.tomcat.util.net.SocketProcessorBase.run(SocketProcessorBase.java:52) ~[tomcat-embed-core-10.1.13.jar:10.1.13]
	at org.apache.tomcat.util.threads.ThreadPoolExecutor.runWorker(ThreadPoolExecutor.java:1191) ~[tomcat-embed-core-10.1.13.jar:10.1.13]
	at org.apache.tomcat.util.threads.ThreadPoolExecutor$Worker.run(ThreadPoolExecutor.java:659) ~[tomcat-embed-core-10.1.13.jar:10.1.13]
	at org.apache.tomcat.util.threads.TaskThread$WrappingRunnable.run(TaskThread.java:61) ~[tomcat-embed-core-10.1.13.jar:10.1.13]
	at java.base/java.lang.Thread.run(Thread.java:1570) ~[na:na]
Caused by: java.io.IOException: Cannot delete C:\Users\Administrateur\AppData\Local\Temp\2\tomcat.8081.17511673264904440599\work\Tomcat\localhost\ROOT\upload_1b2f1f5b_e968_4856_9029_5696b3a0ac41_00000007.tmp
	... 14 common frames omitted

2025-03-28T10:22:43.559+01:00 ERROR 9116 --- [http-nio-8081-exec-3] o.apache.coyote.http11.Http11Processor   : Error processing request

java.io.UncheckedIOException: Cannot delete C:\Users\Administrateur\AppData\Local\Temp\2\tomcat.8081.17511673264904440599\work\Tomcat\localhost\ROOT\upload_1b2f1f5b_e968_4856_9029_5696b3a0ac41_00000009.tmp
	at org.apache.tomcat.util.http.fileupload.disk.DiskFileItem.delete(DiskFileItem.java:429) ~[tomcat-embed-core-10.1.13.jar:10.1.13]
	at org.apache.catalina.core.ApplicationPart.delete(ApplicationPart.java:53) ~[tomcat-embed-core-10.1.13.jar:10.1.13]
	at org.apache.catalina.connector.Request.recycle(Request.java:446) ~[tomcat-embed-core-10.1.13.jar:10.1.13]
	at org.apache.catalina.connector.CoyoteAdapter.service(CoyoteAdapter.java:419) ~[tomcat-embed-core-10.1.13.jar:10.1.13]
	at org.apache.coyote.http11.Http11Processor.service(Http11Processor.java:391) ~[tomcat-embed-core-10.1.13.jar:10.1.13]
	at org.apache.coyote.AbstractProcessorLight.process(AbstractProcessorLight.java:63) ~[tomcat-embed-core-10.1.13.jar:10.1.13]
	at org.apache.coyote.AbstractProtocol$ConnectionHandler.process(AbstractProtocol.java:894) ~[tomcat-embed-core-10.1.13.jar:10.1.13]
	at org.apache.tomcat.util.net.NioEndpoint$SocketProcessor.doRun(NioEndpoint.java:1740) ~[tomcat-embed-core-10.1.13.jar:10.1.13]
	at org.apache.tomcat.util.net.SocketProcessorBase.run(SocketProcessorBase.java:52) ~[tomcat-embed-core-10.1.13.jar:10.1.13]
	at org.apache.tomcat.util.threads.ThreadPoolExecutor.runWorker(ThreadPoolExecutor.java:1191) ~[tomcat-embed-core-10.1.13.jar:10.1.13]
	at org.apache.tomcat.util.threads.ThreadPoolExecutor$Worker.run(ThreadPoolExecutor.java:659) ~[tomcat-embed-core-10.1.13.jar:10.1.13]
	at org.apache.tomcat.util.threads.TaskThread$WrappingRunnable.run(TaskThread.java:61) ~[tomcat-embed-core-10.1.13.jar:10.1.13]
	at java.base/java.lang.Thread.run(Thread.java:1570) ~[na:na]
Caused by: java.io.IOException: Cannot delete C:\Users\Administrateur\AppData\Local\Temp\2\tomcat.8081.17511673264904440599\work\Tomcat\localhost\ROOT\upload_1b2f1f5b_e968_4856_9029_5696b3a0ac41_00000009.tmp
	... 13 common frames omitted

2025-03-28T10:22:43.571+01:00 ERROR 9116 --- [http-nio-8081-exec-3] o.a.coyote.http11.Http11NioProtocol      : Error reading request, ignored

java.io.UncheckedIOException: Cannot delete C:\Users\Administrateur\AppData\Local\Temp\2\tomcat.8081.17511673264904440599\work\Tomcat\localhost\ROOT\upload_1b2f1f5b_e968_4856_9029_5696b3a0ac41_00000009.tmp
	at org.apache.tomcat.util.http.fileupload.disk.DiskFileItem.delete(DiskFileItem.java:429) ~[tomcat-embed-core-10.1.13.jar:10.1.13]
	at org.apache.catalina.core.ApplicationPart.delete(ApplicationPart.java:53) ~[tomcat-embed-core-10.1.13.jar:10.1.13]
	at org.apache.catalina.connector.Request.recycle(Request.java:446) ~[tomcat-embed-core-10.1.13.jar:10.1.13]
	at org.apache.catalina.connector.CoyoteAdapter.log(CoyoteAdapter.java:492) ~[tomcat-embed-core-10.1.13.jar:10.1.13]
	at org.apache.coyote.http11.Http11Processor.service(Http11Processor.java:421) ~[tomcat-embed-core-10.1.13.jar:10.1.13]
	at org.apache.coyote.AbstractProcessorLight.process(AbstractProcessorLight.java:63) ~[tomcat-embed-core-10.1.13.jar:10.1.13]
	at org.apache.coyote.AbstractProtocol$ConnectionHandler.process(AbstractProtocol.java:894) ~[tomcat-embed-core-10.1.13.jar:10.1.13]
	at org.apache.tomcat.util.net.NioEndpoint$SocketProcessor.doRun(NioEndpoint.java:1740) ~[tomcat-embed-core-10.1.13.jar:10.1.13]
	at org.apache.tomcat.util.net.SocketProcessorBase.run(SocketProcessorBase.java:52) ~[tomcat-embed-core-10.1.13.jar:10.1.13]
	at org.apache.tomcat.util.threads.ThreadPoolExecutor.runWorker(ThreadPoolExecutor.java:1191) ~[tomcat-embed-core-10.1.13.jar:10.1.13]
	at org.apache.tomcat.util.threads.ThreadPoolExecutor$Worker.run(ThreadPoolExecutor.java:659) ~[tomcat-embed-core-10.1.13.jar:10.1.13]
	at org.apache.tomcat.util.threads.TaskThread$WrappingRunnable.run(TaskThread.java:61) ~[tomcat-embed-core-10.1.13.jar:10.1.13]
	at java.base/java.lang.Thread.run(Thread.java:1570) ~[na:na]
Caused by: java.io.IOException: Cannot delete C:\Users\Administrateur\AppData\Local\Temp\2\tomcat.8081.17511673264904440599\work\Tomcat\localhost\ROOT\upload_1b2f1f5b_e968_4856_9029_5696b3a0ac41_00000009.tmp
	... 13 common frames omitted

2025-03-28T10:22:43.572+01:00 ERROR 9116 --- [http-nio-8081-exec-3] org.apache.tomcat.util.net.NioEndpoint   : Error running socket processor

java.io.UncheckedIOException: Cannot delete C:\Users\Administrateur\AppData\Local\Temp\2\tomcat.8081.17511673264904440599\work\Tomcat\localhost\ROOT\upload_1b2f1f5b_e968_4856_9029_5696b3a0ac41_00000009.tmp
	at org.apache.tomcat.util.http.fileupload.disk.DiskFileItem.delete(DiskFileItem.java:429) ~[tomcat-embed-core-10.1.13.jar:10.1.13]
	at org.apache.catalina.core.ApplicationPart.delete(ApplicationPart.java:53) ~[tomcat-embed-core-10.1.13.jar:10.1.13]
	at org.apache.catalina.connector.Request.recycle(Request.java:446) ~[tomcat-embed-core-10.1.13.jar:10.1.13]
	at org.apache.catalina.connector.CoyoteAdapter.log(CoyoteAdapter.java:492) ~[tomcat-embed-core-10.1.13.jar:10.1.13]
	at org.apache.catalina.connector.CoyoteAdapter.checkRecycled(CoyoteAdapter.java:515) ~[tomcat-embed-core-10.1.13.jar:10.1.13]
	at org.apache.coyote.http11.Http11Processor.recycle(Http11Processor.java:1418) ~[tomcat-embed-core-10.1.13.jar:10.1.13]
	at org.apache.coyote.AbstractProtocol$ConnectionHandler.release(AbstractProtocol.java:1083) ~[tomcat-embed-core-10.1.13.jar:10.1.13]
	at org.apache.coyote.AbstractProtocol$ConnectionHandler.process(AbstractProtocol.java:1058) ~[tomcat-embed-core-10.1.13.jar:10.1.13]
	at org.apache.tomcat.util.net.NioEndpoint$SocketProcessor.doRun(NioEndpoint.java:1740) ~[tomcat-embed-core-10.1.13.jar:10.1.13]
	at org.apache.tomcat.util.net.SocketProcessorBase.run(SocketProcessorBase.java:52) ~[tomcat-embed-core-10.1.13.jar:10.1.13]
	at org.apache.tomcat.util.threads.ThreadPoolExecutor.runWorker(ThreadPoolExecutor.java:1191) ~[tomcat-embed-core-10.1.13.jar:10.1.13]
	at org.apache.tomcat.util.threads.ThreadPoolExecutor$Worker.run(ThreadPoolExecutor.java:659) ~[tomcat-embed-core-10.1.13.jar:10.1.13]
	at org.apache.tomcat.util.threads.TaskThread$WrappingRunnable.run(TaskThread.java:61) ~[tomcat-embed-core-10.1.13.jar:10.1.13]
	at java.base/java.lang.Thread.run(Thread.java:1570) ~[na:na]
Caused by: java.io.IOException: Cannot delete C:\Users\Administrateur\AppData\Local\Temp\2\tomcat.8081.17511673264904440599\work\Tomcat\localhost\ROOT\upload_1b2f1f5b_e968_4856_9029_5696b3a0ac41_00000009.tmp
	... 14 common frames omitted

2025-03-28T10:37:59.082+01:00  INFO 9116 --- [SpringApplicationShutdownHook] j.LocalContainerEntityManagerFactoryBean : Closing JPA EntityManagerFactory for persistence unit 'Integration_db'
2025-03-28T10:37:59.084+01:00  INFO 9116 --- [SpringApplicationShutdownHook] com.zaxxer.hikari.HikariDataSource       : HikariPool-2 - Shutdown initiated...
2025-03-28T10:37:59.231+01:00  INFO 9116 --- [SpringApplicationShutdownHook] com.zaxxer.hikari.HikariDataSource       : HikariPool-2 - Shutdown completed.
2025-03-28T10:37:59.232+01:00  INFO 9116 --- [SpringApplicationShutdownHook] j.LocalContainerEntityManagerFactoryBean : Closing JPA EntityManagerFactory for persistence unit 'datasource1'
2025-03-28T10:37:59.233+01:00  INFO 9116 --- [SpringApplicationShutdownHook] com.zaxxer.hikari.HikariDataSource       : HikariPool-1 - Shutdown initiated...
2025-03-28T10:37:59.387+01:00  INFO 9116 --- [SpringApplicationShutdownHook] com.zaxxer.hikari.HikariDataSource       : HikariPool-1 - Shutdown completed.
2025-03-28T10:38:01.806+01:00  INFO 10852 --- [main] com.api.SecurityApplication              : Starting SecurityApplication using Java 22.0.1 with PID 10852 (C:\Users\Administrateur\Desktop\Conseil-Admin\backend\target\classes started by Administrateur in C:\Users\Administrateur\Desktop\Conseil-Admin\backend)
2025-03-28T10:38:01.809+01:00  INFO 10852 --- [main] com.api.SecurityApplication              : No active profile set, falling back to 1 default profile: "default"
2025-03-28T10:38:02.725+01:00  INFO 10852 --- [main] .s.d.r.c.RepositoryConfigurationDelegate : Bootstrapping Spring Data JPA repositories in DEFAULT mode.
2025-03-28T10:38:02.809+01:00  INFO 10852 --- [main] .s.d.r.c.RepositoryConfigurationDelegate : Finished Spring Data repository scanning in 74 ms. Found 10 JPA repository interfaces.
2025-03-28T10:38:02.816+01:00  INFO 10852 --- [main] .s.d.r.c.RepositoryConfigurationDelegate : Bootstrapping Spring Data JPA repositories in DEFAULT mode.
2025-03-28T10:38:02.817+01:00  INFO 10852 --- [main] .s.d.r.c.RepositoryConfigurationDelegate : Finished Spring Data repository scanning in 1 ms. Found 0 JPA repository interfaces.
2025-03-28T10:38:04.106+01:00  INFO 10852 --- [main] o.s.b.w.embedded.tomcat.TomcatWebServer  : Tomcat initialized with port(s): 8081 (http)
2025-03-28T10:38:04.119+01:00  INFO 10852 --- [main] o.apache.catalina.core.StandardService   : Starting service [Tomcat]
2025-03-28T10:38:04.120+01:00  INFO 10852 --- [main] o.apache.catalina.core.StandardEngine    : Starting Servlet engine: [Apache Tomcat/10.1.13]
2025-03-28T10:38:04.250+01:00  INFO 10852 --- [main] o.a.c.c.C.[Tomcat].[localhost].[/]       : Initializing Spring embedded WebApplicationContext
2025-03-28T10:38:04.251+01:00  INFO 10852 --- [main] w.s.c.ServletWebServerApplicationContext : Root WebApplicationContext: initialization completed in 2375 ms
2025-03-28T10:38:04.608+01:00  INFO 10852 --- [main] o.hibernate.jpa.internal.util.LogHelper  : HHH000204: Processing PersistenceUnitInfo [name: datasource1]
2025-03-28T10:38:04.688+01:00  INFO 10852 --- [main] org.hibernate.Version                    : HHH000412: Hibernate ORM core version 6.2.9.Final
2025-03-28T10:38:04.693+01:00  INFO 10852 --- [main] org.hibernate.cfg.Environment            : HHH000406: Using bytecode reflection optimizer
2025-03-28T10:38:04.999+01:00  INFO 10852 --- [main] o.h.b.i.BytecodeProviderInitiator        : HHH000021: Bytecode provider name : bytebuddy
2025-03-28T10:38:05.272+01:00  INFO 10852 --- [main] o.s.o.j.p.SpringPersistenceUnitInfo      : No LoadTimeWeaver setup: ignoring JPA class transformer
2025-03-28T10:38:05.292+01:00  INFO 10852 --- [main] com.zaxxer.hikari.HikariDataSource       : HikariPool-1 - Starting...
2025-03-28T10:38:05.715+01:00  INFO 10852 --- [main] com.zaxxer.hikari.pool.HikariPool        : HikariPool-1 - Added connection oracle.jdbc.driver.T4CConnection@4946485c
2025-03-28T10:38:05.718+01:00  INFO 10852 --- [main] com.zaxxer.hikari.HikariDataSource       : HikariPool-1 - Start completed.
2025-03-28T10:38:06.372+01:00  INFO 10852 --- [main] o.h.b.i.BytecodeProviderInitiator        : HHH000021: Bytecode provider name : bytebuddy
2025-03-28T10:38:07.421+01:00  INFO 10852 --- [main] o.h.e.t.j.p.i.JtaPlatformInitiator       : HHH000490: Using JtaPlatform implementation: [org.hibernate.engine.transaction.jta.platform.internal.NoJtaPlatform]
2025-03-28T10:38:08.368+01:00  INFO 10852 --- [main] j.LocalContainerEntityManagerFactoryBean : Initialized JPA EntityManagerFactory for persistence unit 'datasource1'
2025-03-28T10:38:08.436+01:00  INFO 10852 --- [main] o.hibernate.jpa.internal.util.LogHelper  : HHH000204: Processing PersistenceUnitInfo [name: Integration_db]
2025-03-28T10:38:08.511+01:00  INFO 10852 --- [main] o.h.b.i.BytecodeProviderInitiator        : HHH000021: Bytecode provider name : bytebuddy
2025-03-28T10:38:08.512+01:00  INFO 10852 --- [main] o.s.o.j.p.SpringPersistenceUnitInfo      : No LoadTimeWeaver setup: ignoring JPA class transformer
2025-03-28T10:38:08.513+01:00  INFO 10852 --- [main] com.zaxxer.hikari.HikariDataSource       : HikariPool-2 - Starting...
2025-03-28T10:38:08.554+01:00  INFO 10852 --- [main] com.zaxxer.hikari.pool.HikariPool        : HikariPool-2 - Added connection oracle.jdbc.driver.T4CConnection@50c20b15
2025-03-28T10:38:08.555+01:00  INFO 10852 --- [main] com.zaxxer.hikari.HikariDataSource       : HikariPool-2 - Start completed.
2025-03-28T10:38:08.564+01:00  INFO 10852 --- [main] o.h.b.i.BytecodeProviderInitiator        : HHH000021: Bytecode provider name : bytebuddy
2025-03-28T10:38:08.594+01:00  INFO 10852 --- [main] o.h.e.t.j.p.i.JtaPlatformInitiator       : HHH000490: Using JtaPlatform implementation: [org.hibernate.engine.transaction.jta.platform.internal.NoJtaPlatform]
2025-03-28T10:38:08.595+01:00  INFO 10852 --- [main] j.LocalContainerEntityManagerFactoryBean : Initialized JPA EntityManagerFactory for persistence unit 'Integration_db'
2025-03-28T10:38:08.959+01:00  INFO 10852 --- [main] o.s.d.j.r.query.QueryEnhancerFactory     : Hibernate is in classpath; If applicable, HQL parser will be used.
2025-03-28T10:38:10.361+01:00  WARN 10852 --- [main] JpaBaseConfiguration$JpaWebConfiguration : spring.jpa.open-in-view is enabled by default. Therefore, database queries may be performed during view rendering. Explicitly configure spring.jpa.open-in-view to disable this warning
2025-03-28T10:38:10.467+01:00  INFO 10852 --- [main] o.s.b.a.w.s.WelcomePageHandlerMapping    : Adding welcome page: class path resource [static/index.html]
2025-03-28T10:38:10.693+01:00  INFO 10852 --- [main] o.s.s.web.DefaultSecurityFilterChain     : Will secure any request with [org.springframework.security.web.session.DisableEncodeUrlFilter@59aba6f2, org.springframework.security.web.context.request.async.WebAsyncManagerIntegrationFilter@76982efa, org.springframework.security.web.context.SecurityContextHolderFilter@6087f264, org.springframework.security.web.header.HeaderWriterFilter@6b3eb57, org.springframework.web.filter.CorsFilter@79571cc5, org.springframework.security.web.authentication.logout.LogoutFilter@1ad27a73, com.api.config.JwtAuthenticationFilter@1e0771af, org.springframework.security.web.savedrequest.RequestCacheAwareFilter@2d980dc3, org.springframework.security.web.servletapi.SecurityContextHolderAwareRequestFilter@77d50cde, org.springframework.security.web.authentication.AnonymousAuthenticationFilter@7b83476f, org.springframework.security.web.session.SessionManagementFilter@72c9576a, org.springframework.security.web.access.ExceptionTranslationFilter@5547476c, org.springframework.security.web.access.intercept.AuthorizationFilter@acc6a69]
2025-03-28T10:38:11.034+01:00  INFO 10852 --- [main] o.s.b.w.embedded.tomcat.TomcatWebServer  : Tomcat started on port(s): 8081 (http) with context path ''
2025-03-28T10:38:11.051+01:00  INFO 10852 --- [main] com.api.SecurityApplication              : Started SecurityApplication in 9.924 seconds (process running for 10.387)
2025-03-28T10:39:35.888+01:00  INFO 10852 --- [http-nio-8081-exec-1] o.a.c.c.C.[Tomcat].[localhost].[/]       : Initializing Spring DispatcherServlet 'dispatcherServlet'
2025-03-28T10:39:35.889+01:00  INFO 10852 --- [http-nio-8081-exec-1] o.s.web.servlet.DispatcherServlet        : Initializing Servlet 'dispatcherServlet'
2025-03-28T10:39:35.892+01:00  INFO 10852 --- [http-nio-8081-exec-1] o.s.web.servlet.DispatcherServlet        : Completed initialization in 2 ms
2025-03-28T11:24:23.082+01:00  INFO 10852 --- [SpringApplicationShutdownHook] j.LocalContainerEntityManagerFactoryBean : Closing JPA EntityManagerFactory for persistence unit 'Integration_db'
2025-03-28T11:24:23.085+01:00  INFO 10852 --- [SpringApplicationShutdownHook] com.zaxxer.hikari.HikariDataSource       : HikariPool-2 - Shutdown initiated...
2025-03-28T11:24:23.111+01:00  INFO 10852 --- [SpringApplicationShutdownHook] com.zaxxer.hikari.HikariDataSource       : HikariPool-2 - Shutdown completed.
2025-03-28T11:24:23.112+01:00  INFO 10852 --- [SpringApplicationShutdownHook] j.LocalContainerEntityManagerFactoryBean : Closing JPA EntityManagerFactory for persistence unit 'datasource1'
2025-03-28T11:24:23.113+01:00  INFO 10852 --- [SpringApplicationShutdownHook] com.zaxxer.hikari.HikariDataSource       : HikariPool-1 - Shutdown initiated...
2025-03-28T11:24:23.137+01:00  INFO 10852 --- [SpringApplicationShutdownHook] com.zaxxer.hikari.HikariDataSource       : HikariPool-1 - Shutdown completed.
2025-03-28T11:24:27.782+01:00  INFO 8612 --- [main] com.api.SecurityApplication              : Starting SecurityApplication using Java 22.0.1 with PID 8612 (C:\Users\Administrateur\Desktop\Conseil-Admin\backend\target\classes started by Administrateur in C:\Users\Administrateur\Desktop\Conseil-Admin\backend)
2025-03-28T11:24:27.785+01:00  INFO 8612 --- [main] com.api.SecurityApplication              : No active profile set, falling back to 1 default profile: "default"
2025-03-28T11:24:29.260+01:00  INFO 8612 --- [main] .s.d.r.c.RepositoryConfigurationDelegate : Bootstrapping Spring Data JPA repositories in DEFAULT mode.
2025-03-28T11:24:29.357+01:00  INFO 8612 --- [main] .s.d.r.c.RepositoryConfigurationDelegate : Finished Spring Data repository scanning in 87 ms. Found 10 JPA repository interfaces.
2025-03-28T11:24:29.359+01:00  INFO 8612 --- [main] .s.d.r.c.RepositoryConfigurationDelegate : Bootstrapping Spring Data JPA repositories in DEFAULT mode.
2025-03-28T11:24:29.361+01:00  INFO 8612 --- [main] .s.d.r.c.RepositoryConfigurationDelegate : Finished Spring Data repository scanning in 1 ms. Found 0 JPA repository interfaces.
2025-03-28T11:24:31.252+01:00  INFO 8612 --- [main] o.s.b.w.embedded.tomcat.TomcatWebServer  : Tomcat initialized with port(s): 8081 (http)
2025-03-28T11:24:31.287+01:00  INFO 8612 --- [main] o.apache.catalina.core.StandardService   : Starting service [Tomcat]
2025-03-28T11:24:31.288+01:00  INFO 8612 --- [main] o.apache.catalina.core.StandardEngine    : Starting Servlet engine: [Apache Tomcat/10.1.13]
2025-03-28T11:24:31.617+01:00  INFO 8612 --- [main] o.a.c.c.C.[Tomcat].[localhost].[/]       : Initializing Spring embedded WebApplicationContext
2025-03-28T11:24:31.618+01:00  INFO 8612 --- [main] w.s.c.ServletWebServerApplicationContext : Root WebApplicationContext: initialization completed in 3753 ms
2025-03-28T11:24:32.550+01:00  INFO 8612 --- [main] o.hibernate.jpa.internal.util.LogHelper  : HHH000204: Processing PersistenceUnitInfo [name: datasource1]
2025-03-28T11:24:32.838+01:00  INFO 8612 --- [main] org.hibernate.Version                    : HHH000412: Hibernate ORM core version 6.2.9.Final
2025-03-28T11:24:32.844+01:00  INFO 8612 --- [main] org.hibernate.cfg.Environment            : HHH000406: Using bytecode reflection optimizer
2025-03-28T11:24:33.295+01:00  INFO 8612 --- [main] o.h.b.i.BytecodeProviderInitiator        : HHH000021: Bytecode provider name : bytebuddy
2025-03-28T11:24:33.609+01:00  INFO 8612 --- [main] o.s.o.j.p.SpringPersistenceUnitInfo      : No LoadTimeWeaver setup: ignoring JPA class transformer
2025-03-28T11:24:33.642+01:00  INFO 8612 --- [main] com.zaxxer.hikari.HikariDataSource       : HikariPool-1 - Starting...
2025-03-28T11:24:34.750+01:00  INFO 8612 --- [main] com.zaxxer.hikari.pool.HikariPool        : HikariPool-1 - Added connection oracle.jdbc.driver.T4CConnection@340fc1aa
2025-03-28T11:24:34.756+01:00  INFO 8612 --- [main] com.zaxxer.hikari.HikariDataSource       : HikariPool-1 - Start completed.
2025-03-28T11:24:35.843+01:00  INFO 8612 --- [main] o.h.b.i.BytecodeProviderInitiator        : HHH000021: Bytecode provider name : bytebuddy
2025-03-28T11:24:37.406+01:00  INFO 8612 --- [main] o.h.e.t.j.p.i.JtaPlatformInitiator       : HHH000490: Using JtaPlatform implementation: [org.hibernate.engine.transaction.jta.platform.internal.NoJtaPlatform]
2025-03-28T11:24:38.391+01:00  INFO 8612 --- [main] j.LocalContainerEntityManagerFactoryBean : Initialized JPA EntityManagerFactory for persistence unit 'datasource1'
2025-03-28T11:24:38.484+01:00  INFO 8612 --- [main] o.hibernate.jpa.internal.util.LogHelper  : HHH000204: Processing PersistenceUnitInfo [name: Integration_db]
2025-03-28T11:24:38.556+01:00  INFO 8612 --- [main] o.h.b.i.BytecodeProviderInitiator        : HHH000021: Bytecode provider name : bytebuddy
2025-03-28T11:24:38.556+01:00  INFO 8612 --- [main] o.s.o.j.p.SpringPersistenceUnitInfo      : No LoadTimeWeaver setup: ignoring JPA class transformer
2025-03-28T11:24:38.557+01:00  INFO 8612 --- [main] com.zaxxer.hikari.HikariDataSource       : HikariPool-2 - Starting...
2025-03-28T11:24:38.600+01:00  INFO 8612 --- [main] com.zaxxer.hikari.pool.HikariPool        : HikariPool-2 - Added connection oracle.jdbc.driver.T4CConnection@e870ac9
2025-03-28T11:24:38.601+01:00  INFO 8612 --- [main] com.zaxxer.hikari.HikariDataSource       : HikariPool-2 - Start completed.
2025-03-28T11:24:38.610+01:00  INFO 8612 --- [main] o.h.b.i.BytecodeProviderInitiator        : HHH000021: Bytecode provider name : bytebuddy
2025-03-28T11:24:38.630+01:00  INFO 8612 --- [main] o.h.e.t.j.p.i.JtaPlatformInitiator       : HHH000490: Using JtaPlatform implementation: [org.hibernate.engine.transaction.jta.platform.internal.NoJtaPlatform]
2025-03-28T11:24:38.630+01:00  INFO 8612 --- [main] j.LocalContainerEntityManagerFactoryBean : Initialized JPA EntityManagerFactory for persistence unit 'Integration_db'
2025-03-28T11:24:39.019+01:00  INFO 8612 --- [main] o.s.d.j.r.query.QueryEnhancerFactory     : Hibernate is in classpath; If applicable, HQL parser will be used.
2025-03-28T11:24:40.555+01:00  WARN 8612 --- [main] JpaBaseConfiguration$JpaWebConfiguration : spring.jpa.open-in-view is enabled by default. Therefore, database queries may be performed during view rendering. Explicitly configure spring.jpa.open-in-view to disable this warning
2025-03-28T11:24:40.663+01:00  INFO 8612 --- [main] o.s.b.a.w.s.WelcomePageHandlerMapping    : Adding welcome page: class path resource [static/index.html]
2025-03-28T11:24:40.902+01:00  INFO 8612 --- [main] o.s.s.web.DefaultSecurityFilterChain     : Will secure any request with [org.springframework.security.web.session.DisableEncodeUrlFilter@1f32fb77, org.springframework.security.web.context.request.async.WebAsyncManagerIntegrationFilter@d95150c, org.springframework.security.web.context.SecurityContextHolderFilter@4a8afff2, org.springframework.security.web.header.HeaderWriterFilter@43a34f02, org.springframework.web.filter.CorsFilter@32f53573, org.springframework.security.web.authentication.logout.LogoutFilter@180ee8dd, com.api.config.JwtAuthenticationFilter@6666410a, org.springframework.security.web.savedrequest.RequestCacheAwareFilter@4f8d98d4, org.springframework.security.web.servletapi.SecurityContextHolderAwareRequestFilter@3dfc8814, org.springframework.security.web.authentication.AnonymousAuthenticationFilter@4022a256, org.springframework.security.web.session.SessionManagementFilter@2eef2fd6, org.springframework.security.web.access.ExceptionTranslationFilter@357e6334, org.springframework.security.web.access.intercept.AuthorizationFilter@12c21282]
2025-03-28T11:24:41.247+01:00  INFO 8612 --- [main] o.s.b.w.embedded.tomcat.TomcatWebServer  : Tomcat started on port(s): 8081 (http) with context path ''
2025-03-28T11:24:41.267+01:00  INFO 8612 --- [main] com.api.SecurityApplication              : Started SecurityApplication in 14.468 seconds (process running for 15.568)
2025-03-28T11:38:36.984+01:00  INFO 8612 --- [http-nio-8081-exec-2] o.a.c.c.C.[Tomcat].[localhost].[/]       : Initializing Spring DispatcherServlet 'dispatcherServlet'
2025-03-28T11:38:36.986+01:00  INFO 8612 --- [http-nio-8081-exec-2] o.s.web.servlet.DispatcherServlet        : Initializing Servlet 'dispatcherServlet'
2025-03-28T11:38:36.989+01:00  INFO 8612 --- [http-nio-8081-exec-2] o.s.web.servlet.DispatcherServlet        : Completed initialization in 2 ms
2025-03-28T13:27:22.449+01:00  INFO 8612 --- [SpringApplicationShutdownHook] j.LocalContainerEntityManagerFactoryBean : Closing JPA EntityManagerFactory for persistence unit 'Integration_db'
2025-03-28T13:27:22.452+01:00  INFO 8612 --- [SpringApplicationShutdownHook] com.zaxxer.hikari.HikariDataSource       : HikariPool-2 - Shutdown initiated...
2025-03-28T13:27:22.476+01:00  INFO 8612 --- [SpringApplicationShutdownHook] com.zaxxer.hikari.HikariDataSource       : HikariPool-2 - Shutdown completed.
2025-03-28T13:27:22.477+01:00  INFO 8612 --- [SpringApplicationShutdownHook] j.LocalContainerEntityManagerFactoryBean : Closing JPA EntityManagerFactory for persistence unit 'datasource1'
2025-03-28T13:27:22.478+01:00  INFO 8612 --- [SpringApplicationShutdownHook] com.zaxxer.hikari.HikariDataSource       : HikariPool-1 - Shutdown initiated...
2025-03-28T13:27:22.496+01:00  INFO 8612 --- [SpringApplicationShutdownHook] com.zaxxer.hikari.HikariDataSource       : HikariPool-1 - Shutdown completed.
